#
# There is insufficient memory for the Java Runtime Environment to continue.
# Native memory allocation (mmap) failed to map 65536 bytes for Failed to commit area from 0x00000211f0820000 to 0x00000211f0830000 of length 65536.
# Possible reasons:
#   The system is out of physical RAM or swap space
#   The process is running with CompressedOops enabled, and the Java Heap may be blocking the growth of the native heap
# Possible solutions:
#   Reduce memory load on the system
#   Increase physical memory or swap space
#   Check if swap backing store is full
#   Decrease Java heap size (-Xmx/-Xms)
#   Decrease number of Java threads
#   Decrease Java thread stack sizes (-Xss)
#   Set larger code cache with -XX:ReservedCodeCacheSize=
# This output file may be truncated or incomplete.
#
#  Out of Memory Error (./src/hotspot/os/windows/os_windows.cpp:3311), pid=5920, tid=18288
#
# JRE version:  (11.0.12+7) (build )
# Java VM: OpenJDK 64-Bit Server VM (11.0.12+7-LTS, mixed mode, sharing, tiered, compressed oops, g1 gc, windows-amd64)
# No core dump will be written. Minidumps are not enabled by default on client versions of Windows
#

---------------  S U M M A R Y ------------

Command Line: -ea -Dfile.encoding=UTF-8 org.eclipse.jdt.internal.junit.runner.RemoteTestRunner -version 3 -port 6656 -testLoaderClass org.eclipse.jdt.internal.junit4.runner.JUnit4TestLoader -loaderpluginname org.eclipse.jdt.junit4.runtime -test com.kh.spring.mybatis.MybatisTest:delete

Host: Intel(R) Core(TM) i5-8500 CPU @ 3.00GHz, 6 cores, 15G,  Windows 10 , 64 bit Build 19041 (10.0.19041.1202)
Time: Tue Oct 19 11:26:58 2021 대한민국 표준시 elapsed time: 0.026361 seconds (0d 0h 0m 0s)

---------------  T H R E A D  ---------------

Current thread (0x00000211d7580000):  JavaThread "Unknown thread" [_thread_in_vm, id=18288, stack(0x00000095b5000000,0x00000095b5100000)]

Stack: [0x00000095b5000000,0x00000095b5100000]
Native frames: (J=compiled Java code, j=interpreted, Vv=VM code, C=native code)
V  [jvm.dll+0x601cea]
V  [jvm.dll+0x78ab4e]
V  [jvm.dll+0x78c21f]
V  [jvm.dll+0x78c8e3]
V  [jvm.dll+0x24be68]
V  [jvm.dll+0x5fee8a]
V  [jvm.dll+0x5f3945]
V  [jvm.dll+0x303aec]
V  [jvm.dll+0x303972]
V  [jvm.dll+0x3087b0]
V  [jvm.dll+0x34d572]
V  [jvm.dll+0x34cf90]
V  [jvm.dll+0x2e0bf8]
V  [jvm.dll+0x2e1d56]
V  [jvm.dll+0x765ed7]
V  [jvm.dll+0x76765f]
V  [jvm.dll+0x35a2e9]
V  [jvm.dll+0x748f60]
V  [jvm.dll+0x3c1f1f]
V  [jvm.dll+0x3c43f1]
C  [jli.dll+0x5207]
C  [ucrtbase.dll+0x21bb2]
C  [KERNEL32.DLL+0x17034]
C  [ntdll.dll+0x52651]


---------------  P R O C E S S  ---------------

Threads class SMR info:
_java_thread_list=0x00000211d53e6ce0, length=0, elements={
}

Java Threads: ( => current thread )

Other Threads:
  0x00000211d7597800 GCTaskThread "GC Thread#0" [stack: 0x00000095b5100000,0x00000095b5200000] [id=7952]
  0x00000211d75f5800 ConcurrentGCThread "G1 Main Marker" [stack: 0x00000095b5200000,0x00000095b5300000] [id=13092]
  0x00000211d75fb800 ConcurrentGCThread "G1 Conc#0" [stack: 0x00000095b5300000,0x00000095b5400000] [id=9516]

[error occurred during error reporting (printing all threads), id 0xc0000005, EXCEPTION_ACCESS_VIOLATION (0xc0000005) at pc=0x00007ffe779302c7]

VM state:not at safepoint (not fully initialized)

VM Mutex/Monitor currently owned by a thread:  ([mutex/lock_event])
[0x00000211d757d360] Heap_lock - owner thread: 0x00000211d7580000

Heap address: 0x0000000700e00000, size: 4082 MB, Compressed Oops mode: Non-zero based: 0x0000000700e00000
Narrow klass base: 0x0000000000000000, Narrow klass shift: 0

GC Heap History (0 events):
No events

Deoptimization events (0 events):
No events

Classes redefined (0 events):
No events

Internal exceptions (0 events):
No events

Events (1 events):
Event: 0.016 Loaded shared library C:\Program Files\openjdk-11\java-11-openjdk-11.0.12.7-1.windows.ojdkbuild.x86_64\bin\zip.dll


Dynamic libraries:
0x00007ff663310000 - 0x00007ff663330000 	C:\Program Files\openjdk-11\java-11-openjdk-11.0.12.7-1.windows.ojdkbuild.x86_64\bin\javaw.exe
0x00007ffebba70000 - 0x00007ffebbc65000 	C:\WINDOWS\SYSTEM32\ntdll.dll
0x00007ffebb290000 - 0x00007ffebb34e000 	C:\WINDOWS\System32\KERNEL32.DLL
0x00007ffeb97f0000 - 0x00007ffeb9ab9000 	C:\WINDOWS\System32\KERNELBASE.dll
0x00007ffeb9190000 - 0x00007ffeb9290000 	C:\WINDOWS\System32\ucrtbase.dll
0x00007ffeb4540000 - 0x00007ffeb4555000 	C:\Program Files\openjdk-11\java-11-openjdk-11.0.12.7-1.windows.ojdkbuild.x86_64\bin\VCRUNTIME140.dll
0x00007ffeb4520000 - 0x00007ffeb4537000 	C:\Program Files\openjdk-11\java-11-openjdk-11.0.12.7-1.windows.ojdkbuild.x86_64\bin\jli.dll
0x00007ffeba150000 - 0x00007ffeba2f1000 	C:\WINDOWS\System32\USER32.dll
0x00007ffeb9680000 - 0x00007ffeb96a2000 	C:\WINDOWS\System32\win32u.dll
0x00007ffebb400000 - 0x00007ffebb42b000 	C:\WINDOWS\System32\GDI32.dll
0x00007ffeb96b0000 - 0x00007ffeb97bb000 	C:\WINDOWS\System32\gdi32full.dll
0x00007ffeb9550000 - 0x00007ffeb95ed000 	C:\WINDOWS\System32\msvcp_win.dll
0x00007ffea21f0000 - 0x00007ffea248a000 	C:\WINDOWS\WinSxS\amd64_microsoft.windows.common-controls_6595b64144ccf1df_6.0.19041.1110_none_60b5254171f9507e\COMCTL32.dll
0x00007ffeba050000 - 0x00007ffeba0ee000 	C:\WINDOWS\System32\msvcrt.dll
0x00007ffeb9cc0000 - 0x00007ffeb9cf0000 	C:\WINDOWS\System32\IMM32.DLL
0x00007ffeb4480000 - 0x00007ffeb451b000 	C:\Program Files\openjdk-11\java-11-openjdk-11.0.12.7-1.windows.ojdkbuild.x86_64\bin\msvcp140.dll
0x00007ffe77640000 - 0x00007ffe78199000 	C:\Program Files\openjdk-11\java-11-openjdk-11.0.12.7-1.windows.ojdkbuild.x86_64\bin\server\jvm.dll
0x00007ffebae40000 - 0x00007ffebaeec000 	C:\WINDOWS\System32\ADVAPI32.dll
0x00007ffeb9c10000 - 0x00007ffeb9cab000 	C:\WINDOWS\System32\sechost.dll
0x00007ffebb0b0000 - 0x00007ffebb1da000 	C:\WINDOWS\System32\RPCRT4.dll
0x00007ffeb9ac0000 - 0x00007ffeb9ac8000 	C:\WINDOWS\System32\PSAPI.DLL
0x00007ffe9f070000 - 0x00007ffe9f079000 	C:\WINDOWS\SYSTEM32\WSOCK32.dll
0x00007ffeba630000 - 0x00007ffeba69b000 	C:\WINDOWS\System32\WS2_32.dll
0x00007ffeb3620000 - 0x00007ffeb362a000 	C:\WINDOWS\SYSTEM32\VERSION.dll
0x00007ffeaa800000 - 0x00007ffeaa827000 	C:\WINDOWS\SYSTEM32\WINMM.dll
0x00007ffeb70b0000 - 0x00007ffeb70c2000 	C:\WINDOWS\SYSTEM32\kernel.appcore.dll
0x00007ffeb4470000 - 0x00007ffeb4480000 	C:\Program Files\openjdk-11\java-11-openjdk-11.0.12.7-1.windows.ojdkbuild.x86_64\bin\verify.dll
0x00007ffe9e070000 - 0x00007ffe9e254000 	C:\WINDOWS\SYSTEM32\DBGHELP.DLL
0x00007ffea0300000 - 0x00007ffea032c000 	C:\WINDOWS\SYSTEM32\dbgcore.DLL
0x00007ffeb95f0000 - 0x00007ffeb9673000 	C:\WINDOWS\System32\bcryptPrimitives.dll
0x00007ffeb4440000 - 0x00007ffeb4468000 	C:\Program Files\openjdk-11\java-11-openjdk-11.0.12.7-1.windows.ojdkbuild.x86_64\bin\java.dll
0x00007ffeb4430000 - 0x00007ffeb443a000 	C:\Program Files\openjdk-11\java-11-openjdk-11.0.12.7-1.windows.ojdkbuild.x86_64\bin\jimage.dll
0x00007ffeb4410000 - 0x00007ffeb4427000 	C:\Program Files\openjdk-11\java-11-openjdk-11.0.12.7-1.windows.ojdkbuild.x86_64\bin\zip.dll

dbghelp: loaded successfully - version: 4.0.5 - missing functions: none
symbol engine: initialized successfully - sym options: 0x614 - pdb path: .;C:\Program Files\openjdk-11\java-11-openjdk-11.0.12.7-1.windows.ojdkbuild.x86_64\bin;C:\WINDOWS\SYSTEM32;C:\WINDOWS\WinSxS\amd64_microsoft.windows.common-controls_6595b64144ccf1df_6.0.19041.1110_none_60b5254171f9507e;C:\Program Files\openjdk-11\java-11-openjdk-11.0.12.7-1.windows.ojdkbuild.x86_64\bin\server

VM Arguments:
jvm_args: -ea -Dfile.encoding=UTF-8 
java_command: org.eclipse.jdt.internal.junit.runner.RemoteTestRunner -version 3 -port 6656 -testLoaderClass org.eclipse.jdt.internal.junit4.runner.JUnit4TestLoader -loaderpluginname org.eclipse.jdt.junit4.runtime -test com.kh.spring.mybatis.MybatisTest:delete
java_class_path (initial): C:\CODE\f_spring\spring05_mybatis_interface\target\test-classes;C:\CODE\f_spring\spring05_mybatis_interface\target\classes;C:\Users\USER\.m2\repository\org\springframework\spring-context\5.3.10\spring-context-5.3.10.jar;C:\Users\USER\.m2\repository\org\springframework\spring-aop\5.3.10\spring-aop-5.3.10.jar;C:\Users\USER\.m2\repository\org\springframework\spring-beans\5.3.10\spring-beans-5.3.10.jar;C:\Users\USER\.m2\repository\org\springframework\spring-core\5.3.10\spring-core-5.3.10.jar;C:\Users\USER\.m2\repository\org\springframework\spring-jcl\5.3.10\spring-jcl-5.3.10.jar;C:\Users\USER\.m2\repository\org\springframework\spring-expression\5.3.10\spring-expression-5.3.10.jar;C:\Users\USER\.m2\repository\org\springframework\spring-webmvc\5.3.10\spring-webmvc-5.3.10.jar;C:\Users\USER\.m2\repository\org\springframework\spring-web\5.3.10\spring-web-5.3.10.jar;C:\Users\USER\.m2\repository\org\aspectj\aspectjrt\1.9.7\aspectjrt-1.9.7.jar;C:\Users\USER\.m2\repository\org\slf4j\slf4j-api\1.6.6\slf4j-api-1.6.6.jar;C:\Users\USER\.m2\repository\org\slf4j\jcl-over-slf4j\1.6.6\jcl-over-slf4j-1.6.6.jar;C:\Users\USER\.m2\repository\org\slf4j\slf4j-log4j12\1.6.6\slf4j-log4j12-1.6.6.jar;C:\Users\USER\.m2\repository\log4j\log4j\1.2.15\log4j-1.2.15.jar;C:\Users\USER\.m2\repository\javax\inject\javax.inject\1\javax.inject-1.jar;C:\Users\USER\.m2\repository\oracle\ojdbc6\11.2.0.3\ojdbc6-11.2.0.3.jar;C:\Users\USER\.m2\repository\org\mybatis\mybatis\3.5.7\mybatis-3.5.7.jar;C:\Users\USER\.m2\repository\org\mybatis\mybatis-spring\2.0.6\mybatis-spring-2.0.6.jar;C:\Users\USER\.m2\repository\org\apache\commons\commons-dbcp2\2.8.0\commons-dbcp2-2.8.0.jar;C:\Users\USER\.m2\repository\org\apache\commons\commons-pool2\2.8.1\commons-pool2-2.8.1.jar;C:\Users\USER\.m2\repository\commons-logging\commons-logging\1.2\commons-logging-1.2.jar;C:\Users\USER\.m2\repository\org\springframework\spring-orm\5.3.10\spring-orm-5.3.10.jar;C:\Users\USER\.m2\repository\org\springframewor
Launcher Type: SUN_STANDARD

[Global flags]
     intx CICompilerCount                          = 3                                         {product} {ergonomic}
     uint ConcGCThreads                            = 2                                         {product} {ergonomic}
     uint G1ConcRefinementThreads                  = 6                                         {product} {ergonomic}
   size_t G1HeapRegionSize                         = 1048576                                   {product} {ergonomic}
    uintx GCDrainStackTargetSize                   = 64                                        {product} {ergonomic}
   size_t InitialHeapSize                          = 268435456                                 {product} {ergonomic}
   size_t MarkStackSize                            = 4194304                                   {product} {ergonomic}
   size_t MaxHeapSize                              = 4280287232                                {product} {ergonomic}
   size_t MinHeapDeltaBytes                        = 1048576                                   {product} {ergonomic}
    uintx NonNMethodCodeHeapSize                   = 5830732                                {pd product} {ergonomic}
    uintx NonProfiledCodeHeapSize                  = 122913754                              {pd product} {ergonomic}
    uintx ProfiledCodeHeapSize                     = 122913754                              {pd product} {ergonomic}
    uintx ReservedCodeCacheSize                    = 251658240                              {pd product} {ergonomic}
     bool SegmentedCodeCache                       = true                                      {product} {ergonomic}
     bool UseCompressedClassPointers               = true                                 {lp64_product} {ergonomic}
     bool UseCompressedOops                        = true                                 {lp64_product} {ergonomic}
     bool UseG1GC                                  = true                                      {product} {ergonomic}
     bool UseLargePagesIndividualAllocation        = false                                  {pd product} {ergonomic}

Logging:
Log output configuration:
 #0: stdout all=warning uptime,level,tags
 #1: stderr all=off uptime,level,tags

Environment Variables:
JAVA_HOME=C:\Program Files\openjdk-1.8
PATH=C:/CODE/spring-tool-suite-4-4.12.0.RELEASE-e4.21.0-win32.win32.x86_64.self-extracting/sts-4.12.0.RELEASE//plugins/org.eclipse.justj.openjdk.hotspot.jre.full.win32.x86_64_16.0.2.v20210721-1149/jre/bin/server;C:/CODE/spring-tool-suite-4-4.12.0.RELEASE-e4.21.0-win32.win32.x86_64.self-extracting/sts-4.12.0.RELEASE//plugins/org.eclipse.justj.openjdk.hotspot.jre.full.win32.x86_64_16.0.2.v20210721-1149/jre/bin;C:\oraclexe\app\oracle\product\11.2.0\server\bin;C:\Program Files (x86)\Common Files\Oracle\Java\javapath;C:\Program Files (x86)\NAT Service;C:\Program Files (x86)\Intel\Intel(R) Management Engine Components\iCLS\;C:\Program Files\Intel\Intel(R) Management Engine Components\iCLS\;C:\Windows\system32;C:\Windows;C:\Windows\System32\Wbem;C:\Windows\System32\WindowsPowerShell\v1.0\;C:\Windows\System32\OpenSSH\;C:\Program Files (x86)\Intel\Intel(R) Management Engine Components\DAL;C:\Program Files\Intel\Intel(R) Management Engine Components\DAL;C:\Program Files (x86)\Intel\Intel(R) Management Engine Components\IPT;C:\Program Files\Intel\Intel(R) Management Engine Components\IPT;C:\Program Files (x86)\NVIDIA Corporation\PhysX\Common;C:\WINDOWS\system32;C:\WINDOWS;C:\WINDOWS\System32\Wbem;C:\WINDOWS\System32\WindowsPowerShell\v1.0\;C:\WINDOWS\System32\OpenSSH\;C:\Program Files\openjdk-1.8\bin;C:\Program Files\Git\cmd;C:\Users\USER\AppData\Local\Microsoft\WindowsApps;C:\Program Files\Bandizip\;C:\CODE\spring-tool-suite-4-4.12.0.RELEASE-e4.21.0-win32.win32.x86_64.self-extracting\sts-4.12.0.RELEASE;
USERNAME=USER
OS=Windows_NT
PROCESSOR_IDENTIFIER=Intel64 Family 6 Model 158 Stepping 10, GenuineIntel



---------------  S Y S T E M  ---------------

OS: Windows 10 , 64 bit Build 19041 (10.0.19041.1202)
OS uptime: 4 days 15:08 hours

CPU:total 6 (initial active 6) (6 cores per cpu, 1 threads per core) family 6 model 158 stepping 10 microcode 0xb4, cmov, cx8, fxsr, mmx, sse, sse2, sse3, ssse3, sse4.1, sse4.2, popcnt, avx, avx2, aes, clmul, erms, rtm, 3dnowpref, lzcnt, tsc, tscinvbit, bmi1, bmi2, adx, fma

Memory: 4k page, system-wide physical 16322M (7284M free)
TotalPageFile size 65474M (AvailPageFile size 4M)
current process WorkingSet (physical memory assigned to process): 10M, peak: 10M
current process commit charge ("private bytes"): 315M, peak: 315M

vm_info: OpenJDK 64-Bit Server VM (11.0.12+7-LTS) for windows-amd64 JRE (11.0.12+7-LTS), built on Jul 24 2021 13:53:49 by "" with unknown MS VC++:1916

END.
